{
  "Cucumber Features": {
    "coverage": {
      "/Users/jake/Documents/School/Fall 2018/Software Engineering/Homework/5/rottenpotatoes/app/models/movie.rb": [
        1,
        1,
        10,
        null,
        1,
        1,
        null,
        null
      ],
      "/Users/jake/Documents/School/Fall 2018/Software Engineering/Homework/5/rottenpotatoes/app/controllers/movies_controller.rb": [
        1,
        null,
        1,
        2,
        null,
        null,
        1,
        4,
        4,
        null,
        null,
        null,
        1,
        10,
        10,
        null,
        2,
        null,
        2,
        null,
        10,
        10,
        null,
        10,
        36,
        null,
        null,
        10,
        2,
        2,
        2,
        null,
        8,
        null,
        null,
        1,
        null,
        null,
        null,
        1,
        1,
        1,
        1,
        null,
        null,
        1,
        1,
        null,
        null,
        1,
        1,
        1,
        1,
        1,
        null,
        null,
        1,
        1,
        1,
        1,
        1,
        null,
        null,
        1,
        2,
        2,
        1,
        1,
        null,
        1,
        null,
        null,
        null,
        null
      ],
      "/Users/jake/Documents/School/Fall 2018/Software Engineering/Homework/5/rottenpotatoes/app/controllers/application_controller.rb": [
        1,
        1,
        null
      ],
      "/Users/jake/Documents/School/Fall 2018/Software Engineering/Homework/5/rottenpotatoes/app/helpers/application_helper.rb": [
        1,
        null
      ],
      "/Users/jake/Documents/School/Fall 2018/Software Engineering/Homework/5/rottenpotatoes/app/helpers/movies_helper.rb": [
        1,
        null,
        1,
        0,
        null,
        null
      ]
    },
    "timestamp": 1539856841
  },
  "RSpec": {
    "coverage": {
      "/Users/jake/Documents/School/Fall 2018/Software Engineering/Homework/5/rottenpotatoes/app/helpers/application_helper.rb": [
        1,
        null
      ],
      "/Users/jake/Documents/School/Fall 2018/Software Engineering/Homework/5/rottenpotatoes/app/helpers/movies_helper.rb": [
        1,
        null,
        1,
        2,
        null,
        null
      ],
      "/Users/jake/Documents/School/Fall 2018/Software Engineering/Homework/5/rottenpotatoes/app/controllers/movies_controller.rb": [
        1,
        null,
        1,
        0,
        null,
        null,
        1,
        0,
        0,
        null,
        null,
        null,
        1,
        0,
        0,
        null,
        0,
        null,
        0,
        null,
        0,
        0,
        null,
        0,
        0,
        null,
        null,
        0,
        0,
        0,
        0,
        null,
        0,
        null,
        null,
        1,
        null,
        null,
        null,
        1,
        0,
        0,
        0,
        null,
        null,
        1,
        0,
        null,
        null,
        1,
        0,
        0,
        0,
        0,
        null,
        null,
        1,
        0,
        0,
        0,
        0,
        null,
        null,
        1,
        2,
        2,
        1,
        1,
        null,
        1,
        null,
        null,
        null,
        null
      ],
      "/Users/jake/Documents/School/Fall 2018/Software Engineering/Homework/5/rottenpotatoes/app/controllers/application_controller.rb": [
        1,
        1,
        null
      ],
      "/Users/jake/Documents/School/Fall 2018/Software Engineering/Homework/5/rottenpotatoes/app/models/movie.rb": [
        1,
        1,
        0,
        null,
        1,
        3,
        null,
        null
      ]
    },
    "timestamp": 1539856860
  }
}
